<?xml version="1.0" encoding="UTF-8"?>
<!-- Generated by org.testng.reporters.JUnitXMLReporter -->
<testsuite ignored="0" hostname="DESKTOP-99156QE" failures="0" tests="6" name="Command line test" time="31.617" errors="0" timestamp="2020-02-12T19:03:12 EET">
  <testcase classname="Tests.LoginTest" name="login" time="1.948"/>
  <testcase classname="Tests.SearchTest" name="search" time="5.197"/>
  <testcase classname="Tests.SearchResultsTest" name="secondPage" time="7.688"/>
  <testcase classname="Tests.ProductSelectTest" name="productSelect" time="7.185"/>
  <testcase classname="Tests.AddToBasketTest" name="addToBasket" time="5.992"/>
  <testcase classname="Tests.BasketTest" name="basketOps" time="3.574"/>
</testsuite> <!-- Command line test -->
