<?xml version="1.0" encoding="UTF-8" ?>
<testsuite tests="6" failures="0" name="TestSuite" time="31.591" errors="0" skipped="0">
  <properties>
[...]
</properties>
  <testcase classname="Tests.LoginTest" name="login" time="1.951"/>
  <testcase classname="Tests.SearchTest" name="search" time="5.197"/>
  <testcase classname="Tests.SearchResultsTest" name="secondPage" time="7.689"/>
  <testcase classname="Tests.ProductSelectTest" name="productSelect" time="7.186"/>
  <testcase classname="Tests.AddToBasketTest" name="addToBasket" time="5.993"/>
  <testcase classname="Tests.BasketTest" name="basketOps" time="3.575"/>
</testsuite>